build/app/intermediates/manifest_merge_blame_file/debug/manifest-merger-blame-debug-report.txt
1<?xml version="1.0" encoding="utf-8"?>
2<manifest xmlns:android="http://schemas.android.com/apk/res/android"
3    package="co.appbrewery.micard"
4    android:versionCode="1"
5    android:versionName="1.0.0" >
6
7    <uses-sdk
8        android:minSdkVersion="21"
8-->src\main\AndroidManifest.xml
9        android:targetSdkVersion="34" />
9-->src\main\AndroidManifest.xml
10
11    <!--
12         The INTERNET permission is required for development. Specifically,
13         flutter needs it to communicate with the running application
14         to allow setting breakpoints, to provide hot reload, etc.
15    -->
16    <uses-permission android:name="android.permission.INTERNET" />
16-->src\main\AndroidManifest.xml:8:5-66
16-->src\main\AndroidManifest.xml:8:22-64
17
18    <permission
18-->[androidx.core:core:1.13.1] AndroidManifest.xml:22:5-24:47
19        android:name="co.appbrewery.micard.DYNAMIC_RECEIVER_NOT_EXPORTED_PERMISSION"
19-->[androidx.core:core:1.13.1] AndroidManifest.xml:23:9-81
20        android:protectionLevel="signature" />
20-->[androidx.core:core:1.13.1] AndroidManifest.xml:24:9-44
21
22    <uses-permission android:name="co.appbrewery.micard.DYNAMIC_RECEIVER_NOT_EXPORTED_PERMISSION" />
22-->[androidx.core:core:1.13.1] AndroidManifest.xml:26:5-97
22-->[androidx.core:core:1.13.1] AndroidManifest.xml:26:22-94
23    <!--
24 io.flutter.app.FlutterApplication is an android.app.Application that
25         calls FlutterMain.startInitialization(this); in its onCreate method.
26         In most cases you can leave this as-is, but you if you want to provide
27         additional functionality it is fine to subclass or reimplement
28         FlutterApplication and put your custom class here.
29    -->
30    <application
30-->src\main\AndroidManifest.xml:15:5-38:19
31        android:appComponentFactory="androidx.core.app.CoreComponentFactory"
31-->[androidx.core:core:1.13.1] AndroidManifest.xml:28:18-86
32        android:debuggable="true"
33        android:icon="@mipmap/ic_launcher"
33-->src\main\AndroidManifest.xml:17:9-43
34        android:label="mi_card" >
34-->src\main\AndroidManifest.xml:16:9-32
35        <activity
35-->src\main\AndroidManifest.xml:18:9-37:20
36            android:name="co.appbrewery.micard.MainActivity"
36-->src\main\AndroidManifest.xml:19:13-41
37            android:configChanges="orientation|keyboardHidden|keyboard|screenSize|locale|layoutDirection|fontScale|screenLayout|density"
37-->src\main\AndroidManifest.xml:23:13-137
38            android:exported="true"
38-->src\main\AndroidManifest.xml:20:13-36
39            android:hardwareAccelerated="true"
39-->src\main\AndroidManifest.xml:24:13-47
40            android:launchMode="singleTop"
40-->src\main\AndroidManifest.xml:21:13-43
41            android:theme="@style/LaunchTheme"
41-->src\main\AndroidManifest.xml:22:13-47
42            android:windowSoftInputMode="adjustResize" >
42-->src\main\AndroidManifest.xml:25:13-55
43
44            <!--
45                 This keeps the window background of the activity showing
46                 until Flutter renders its first frame. It can be removed if
47                 there is no splash screen (such as the default splash screen
48                 defined in @style/LaunchTheme).
49            -->
50            <meta-data
50-->src\main\AndroidManifest.xml:30:13-32:37
51                android:name="flutterEmbedding"
51-->src\main\AndroidManifest.xml:31:17-48
52                android:value="2" />
52-->src\main\AndroidManifest.xml:32:17-34
53
54            <intent-filter>
54-->src\main\AndroidManifest.xml:33:13-36:29
55                <action android:name="android.intent.action.MAIN" />
55-->src\main\AndroidManifest.xml:34:17-68
55-->src\main\AndroidManifest.xml:34:25-66
56
57                <category android:name="android.intent.category.LAUNCHER" />
57-->src\main\AndroidManifest.xml:35:17-76
57-->src\main\AndroidManifest.xml:35:27-74
58            </intent-filter>
59        </activity>
60
61        <uses-library
61-->[androidx.window:window:1.2.0] AndroidManifest.xml:23:9-25:40
62            android:name="androidx.window.extensions"
62-->[androidx.window:window:1.2.0] AndroidManifest.xml:24:13-54
63            android:required="false" />
63-->[androidx.window:window:1.2.0] AndroidManifest.xml:25:13-37
64        <uses-library
64-->[androidx.window:window:1.2.0] AndroidManifest.xml:26:9-28:40
65            android:name="androidx.window.sidecar"
65-->[androidx.window:window:1.2.0] AndroidManifest.xml:27:13-51
66            android:required="false" />
66-->[androidx.window:window:1.2.0] AndroidManifest.xml:28:13-37
67
68        <provider
68-->[androidx.lifecycle:lifecycle-process:2.7.0] AndroidManifest.xml:24:9-32:20
69            android:name="androidx.startup.InitializationProvider"
69-->[androidx.lifecycle:lifecycle-process:2.7.0] AndroidManifest.xml:25:13-67
70            android:authorities="co.appbrewery.micard.androidx-startup"
70-->[androidx.lifecycle:lifecycle-process:2.7.0] AndroidManifest.xml:26:13-68
71            android:exported="false" >
71-->[androidx.lifecycle:lifecycle-process:2.7.0] AndroidManifest.xml:27:13-37
72            <meta-data
72-->[androidx.lifecycle:lifecycle-process:2.7.0] AndroidManifest.xml:29:13-31:52
73                android:name="androidx.lifecycle.ProcessLifecycleInitializer"
73-->[androidx.lifecycle:lifecycle-process:2.7.0] AndroidManifest.xml:30:17-78
74                android:value="androidx.startup" />
74-->[androidx.lifecycle:lifecycle-process:2.7.0] AndroidManifest.xml:31:17-49
75            <meta-data
75-->[androidx.profileinstaller:profileinstaller:1.3.1] AndroidManifest.xml:29:13-31:52
76                android:name="androidx.profileinstaller.ProfileInstallerInitializer"
76-->[androidx.profileinstaller:profileinstaller:1.3.1] AndroidManifest.xml:30:17-85
77                android:value="androidx.startup" />
77-->[androidx.profileinstaller:profileinstaller:1.3.1] AndroidManifest.xml:31:17-49
78        </provider>
79
80        <receiver
80-->[androidx.profileinstaller:profileinstaller:1.3.1] AndroidManifest.xml:34:9-52:20
81            android:name="androidx.profileinstaller.ProfileInstallReceiver"
81-->[androidx.profileinstaller:profileinstaller:1.3.1] AndroidManifest.xml:35:13-76
82            android:directBootAware="false"
82-->[androidx.profileinstaller:profileinstaller:1.3.1] AndroidManifest.xml:36:13-44
83            android:enabled="true"
83-->[androidx.profileinstaller:profileinstaller:1.3.1] AndroidManifest.xml:37:13-35
84            android:exported="true"
84-->[androidx.profileinstaller:profileinstaller:1.3.1] AndroidManifest.xml:38:13-36
85            android:permission="android.permission.DUMP" >
85-->[androidx.profileinstaller:profileinstaller:1.3.1] AndroidManifest.xml:39:13-57
86            <intent-filter>
86-->[androidx.profileinstaller:profileinstaller:1.3.1] AndroidManifest.xml:40:13-42:29
87                <action android:name="androidx.profileinstaller.action.INSTALL_PROFILE" />
87-->[androidx.profileinstaller:profileinstaller:1.3.1] AndroidManifest.xml:41:17-91
87-->[androidx.profileinstaller:profileinstaller:1.3.1] AndroidManifest.xml:41:25-88
88            </intent-filter>
89            <intent-filter>
89-->[androidx.profileinstaller:profileinstaller:1.3.1] AndroidManifest.xml:43:13-45:29
90                <action android:name="androidx.profileinstaller.action.SKIP_FILE" />
90-->[androidx.profileinstaller:profileinstaller:1.3.1] AndroidManifest.xml:44:17-85
90-->[androidx.profileinstaller:profileinstaller:1.3.1] AndroidManifest.xml:44:25-82
91            </intent-filter>
92            <intent-filter>
92-->[androidx.profileinstaller:profileinstaller:1.3.1] AndroidManifest.xml:46:13-48:29
93                <action android:name="androidx.profileinstaller.action.SAVE_PROFILE" />
93-->[androidx.profileinstaller:profileinstaller:1.3.1] AndroidManifest.xml:47:17-88
93-->[androidx.profileinstaller:profileinstaller:1.3.1] AndroidManifest.xml:47:25-85
94            </intent-filter>
95            <intent-filter>
95-->[androidx.profileinstaller:profileinstaller:1.3.1] AndroidManifest.xml:49:13-51:29
96                <action android:name="androidx.profileinstaller.action.BENCHMARK_OPERATION" />
96-->[androidx.profileinstaller:profileinstaller:1.3.1] AndroidManifest.xml:50:17-95
96-->[androidx.profileinstaller:profileinstaller:1.3.1] AndroidManifest.xml:50:25-92
97            </intent-filter>
98        </receiver>
99    </application>
100
101</manifest>